DEBUG:...STARTING...
INFO:Parameters used are:
  - Number of chains: 36
  - RMSD threshold: 0.3000
  - Clashes threshold 30
INFO:The initial complex has 2 chains and are the following:
INFO:Chain u
INFO:Chain y
INFO:This is the iteration #0 of the recursive function
INFO:The complex has 2 chains at this point
INFO:We are processing the file uy.pdb
INFO:Processing reference chain u
INFO:Processing sample chain u
INFO:The RMSD between chain u of the reference and chain u of the sample is 0.000000
INFO:Processing sample chain y
INFO:The RMSD between chain u of the reference and chain y of the sample is 0.000575
INFO:Processing reference chain y
INFO:Processing sample chain u
INFO:The RMSD between chain y of the reference and chain u of the sample is 0.000575
INFO:Processing sample chain y
INFO:The RMSD between chain y of the reference and chain y of the sample is 0.000000
INFO:The combination of chains with the lowest RMSD is ref chain u and sample chain u with an RMSD of 0.000000
INFO:We are processing the superimposition of ref chain u with sample chain u with an RMSD of 0.000000
INFO:Putative chain to add is y
INFO:The number of clashes between the chain to add y and reference chain u is 0, it is under the threshold
INFO:The number of clashes between the chain to add y and reference chain y is 1572, therefore the chain is the same and it is skipped
INFO:The number of clashes between the chain to add y and rhe reference structure is 218112, therefore the chain is NOT too far away and is added
INFO:We are processing the superimposition of ref chain y with sample chain y with an RMSD of 0.000000
INFO:Putative chain to add is u
INFO:The number of clashes between the chain to add u and reference chain u is 1572, therefore the chain is the same and it is skipped
INFO:The number of clashes between the chain to add u and rhe reference structure is 181476, therefore the chain is NOT too far away and is added
INFO:We are processing the superimposition of ref chain u with sample chain y with an RMSD of 0.000575
INFO:Putative chain to add is y
INFO:The number of clashes between the chain to add y and reference chain u is 1572, therefore the chain is the same and it is skipped
INFO:The number of clashes between the chain to add y and rhe reference structure is 181476, therefore the chain is NOT too far away and is added
INFO:We are processing the superimposition of ref chain y with sample chain u with an RMSD of 0.000575
INFO:Putative chain to add is u
INFO:The number of clashes between the chain to add u and reference chain u is 1572, therefore the chain is the same and it is skipped
INFO:The number of clashes between the chain to add u and rhe reference structure is 181476, therefore the chain is NOT too far away and is added
INFO:This is the iteration #1 of the recursive function
INFO:The complex has 2 chains at this point
INFO:We are processing the file vz.pdb
INFO:Processing reference chain u
INFO:Processing sample chain v
INFO:The RMSD between chain u of the reference and chain v of the sample is 14.346878
INFO:Processing sample chain z
INFO:The RMSD between chain u of the reference and chain z of the sample is 14.346871
INFO:Processing reference chain y
INFO:Processing sample chain v
INFO:The RMSD between chain y of the reference and chain v of the sample is 14.346887
INFO:Processing sample chain z
INFO:The RMSD between chain y of the reference and chain z of the sample is 14.346880
INFO:This is the iteration #2 of the recursive function
INFO:The complex has 2 chains at this point
INFO:We are processing the file xX.pdb
INFO:Processing reference chain u
INFO:Processing sample chain X
INFO:The RMSD between chain u of the reference and chain X of the sample is 0.000576
INFO:Processing sample chain x
INFO:The RMSD between chain u of the reference and chain x of the sample is 14.346871
INFO:Processing reference chain y
INFO:Processing sample chain X
INFO:The RMSD between chain y of the reference and chain X of the sample is 0.000560
INFO:Processing sample chain x
INFO:The RMSD between chain y of the reference and chain x of the sample is 14.346880
INFO:The combination of chains with the lowest RMSD is ref chain y and sample chain X with an RMSD of 0.000560
INFO:We are processing the superimposition of ref chain y with sample chain X with an RMSD of 0.000560
INFO:Putative chain to add is X
INFO:The number of clashes between the chain to add X and reference chain u is 0, it is under the threshold
INFO:The number of clashes between the chain to add X and reference chain y is 1572, therefore the chain is the same and it is skipped
INFO:The number of clashes between the chain to add X and rhe reference structure is 218112, therefore the chain is NOT too far away and is added
INFO:We are processing the superimposition of ref chain u with sample chain X with an RMSD of 0.000576
INFO:Putative chain to add is X
INFO:The number of clashes between the chain to add X and reference chain u is 0, it is under the threshold
INFO:The number of clashes between the chain to add X and reference chain y is 0, it is under the threshold
INFO:The number of clashes between the chain to add X and rhe reference structure is 0, therefore the chain is too far away and is not added
INFO:This is the iteration #3 of the recursive function
INFO:The complex has 2 chains at this point
INFO:We are processing the file zw.pdb
INFO:Processing reference chain u
INFO:Processing sample chain w
INFO:The RMSD between chain u of the reference and chain w of the sample is 0.000575
INFO:Processing sample chain z
INFO:The RMSD between chain u of the reference and chain z of the sample is 14.346871
INFO:Processing reference chain y
INFO:Processing sample chain w
INFO:The RMSD between chain y of the reference and chain w of the sample is 0.000009
INFO:Processing sample chain z
INFO:The RMSD between chain y of the reference and chain z of the sample is 14.346880
INFO:The combination of chains with the lowest RMSD is ref chain y and sample chain w with an RMSD of 0.000009
INFO:We are processing the superimposition of ref chain y with sample chain w with an RMSD of 0.000009
INFO:Putative chain to add is w
INFO:The number of clashes between the chain to add w and reference chain u is 0, it is under the threshold
INFO:The number of clashes between the chain to add w and reference chain y is 1572, therefore the chain is the same and it is skipped
INFO:The number of clashes between the chain to add w and rhe reference structure is 218112, therefore the chain is NOT too far away and is added
INFO:We are processing the superimposition of ref chain u with sample chain w with an RMSD of 0.000575
INFO:Putative chain to add is w
INFO:The number of clashes between the chain to add w and reference chain u is 0, it is under the threshold
INFO:The number of clashes between the chain to add w and reference chain y is 0, it is under the threshold
INFO:The number of clashes between the chain to add w and rhe reference structure is 0, therefore the chain is too far away and is not added
INFO:This is the iteration #4 of the recursive function
INFO:The complex has 2 chains at this point
INFO:We are processing the file uy.pdb
INFO:Processing reference chain u
INFO:Processing sample chain u
INFO:The RMSD between chain u of the reference and chain u of the sample is 0.000000
INFO:Processing sample chain y
INFO:The RMSD between chain u of the reference and chain y of the sample is 0.000575
INFO:Processing reference chain y
INFO:Processing sample chain u
INFO:The RMSD between chain y of the reference and chain u of the sample is 0.000575
INFO:Processing sample chain y
INFO:The RMSD between chain y of the reference and chain y of the sample is 0.000000
INFO:The combination of chains with the lowest RMSD is ref chain u and sample chain u with an RMSD of 0.000000
INFO:We are processing the superimposition of ref chain u with sample chain u with an RMSD of 0.000000
INFO:Putative chain to add is y
INFO:The number of clashes between the chain to add y and reference chain u is 0, it is under the threshold
INFO:The number of clashes between the chain to add y and reference chain y is 1572, therefore the chain is the same and it is skipped
INFO:The number of clashes between the chain to add y and rhe reference structure is 218112, therefore the chain is NOT too far away and is added
INFO:We are processing the superimposition of ref chain y with sample chain y with an RMSD of 0.000000
INFO:Putative chain to add is u
INFO:The number of clashes between the chain to add u and reference chain u is 1572, therefore the chain is the same and it is skipped
INFO:The number of clashes between the chain to add u and rhe reference structure is 181476, therefore the chain is NOT too far away and is added
INFO:We are processing the superimposition of ref chain u with sample chain y with an RMSD of 0.000575
INFO:Putative chain to add is y
INFO:The number of clashes between the chain to add y and reference chain u is 1572, therefore the chain is the same and it is skipped
INFO:The number of clashes between the chain to add y and rhe reference structure is 181476, therefore the chain is NOT too far away and is added
INFO:We are processing the superimposition of ref chain y with sample chain u with an RMSD of 0.000575
INFO:Putative chain to add is u
INFO:The number of clashes between the chain to add u and reference chain u is 1572, therefore the chain is the same and it is skipped
INFO:The number of clashes between the chain to add u and rhe reference structure is 181476, therefore the chain is NOT too far away and is added
INFO:This is the iteration #5 of the recursive function
INFO:The complex has 2 chains at this point
INFO:The whole macrocomplex has been build
INFO:The final complex has 2 chains, not 36, as requested
INFO:We have arrived to iteration 5
INFO:Output files macrocomplex.pdb and macrocomplex.log saved in D:\Documents\BIM\2Q\PYT\PROJECT\macrocomplex_builder\examples\microtubul_out5
INFO:The program has finished running! It took 2.472404 seconds
